#
# A fatal error has been detected by the Java Runtime Environment:
#
#  EXCEPTION_ACCESS_VIOLATION (0xc0000005) at pc=0x00007ffddaf23c87, pid=36776, tid=20064
#
# JRE version: Java(TM) SE Runtime Environment (21.0.5+9) (build 21.0.5+9-LTS-239)
# Java VM: Java HotSpot(TM) 64-Bit Server VM (21.0.5+9-LTS-239, mixed mode, sharing, tiered, compressed oops, compressed class ptrs, g1 gc, windows-amd64)
# Problematic frame:
# V  [jvm.dll+0x443c87]
#
# No core dump will be written. Minidumps are not enabled by default on client versions of Windows
#
# If you would like to submit a bug report, please visit:
#   https://bugreport.java.com/bugreport/crash.jsp
#

---------------  S U M M A R Y ------------

Command Line: C:\Users\gutierre\AppData\Local\Temp\fca4j-embedded5521904004932795144\fca4j.jar DBASIS C:\projects\rules\inter3magic04\inter3magic04.slf C:\projects\rules\inter3magic04\inter3magic04-rules.txt -i SLF -m ROARING_BITMAP

Host: Intel(R) Core(TM) i9-9880H CPU @ 2.30GHz, 16 cores, 63G,  Windows 11 , 64 bit Build 26100 (10.0.26100.8328)
Time: Tue Jun  2 11:41:15 2026 Paris, Madrid (heure duild 26100 (10.0.26100.8328) elapsed time: 0.410765 seconds (0d 0h 0m 0s)

---------------  T H R E A D  ---------------

Current thread (0x0000019cf52aa150):  JavaThread "pool-1-thread-13"        [_thread_in_vm, id=20064, stack(0x000000434a600000,0x000000434a700000) (1024K)]

Stack: [0x000000434a600000,0x000000434a700000],  sp=0x000000434a6fea60,  free space=1018k
Native frames: (J=compiled Java code, j=interpreted, Vv=VM code, C=native code)
V  [jvm.dll+0x443c87]
C  [fca4j_dbasis_5251631515735780973fca4j_dbasis.dll+0x62f67]

Java frames: (J=compiled Java code, j=interpreted, Vv=VM code)
j  fr.lirmm.fca4j.core.natif.NativeBridge.computeMinimalGeneratorsAndCovers(II[BI[II[[I)[[I+0
j  fr.lirmm.fca4j.core.natif.impl.NativeDBaseV24.computeMinimalGenerators(I)Ljava/util/Set;+51
j  fr.lirmm.fca4j.algo.DBaseV24.computeNonBinaryBasis(I[Lfr/lirmm/fca4j/iset/ISet;)Ljava/util/List;+10
j  fr.lirmm.fca4j.core.natif.impl.NativeDBaseV24.computeNonBinaryBasis(I[Lfr/lirmm/fca4j/iset/ISet;)Ljava/util/List;+15
j  fr.lirmm.fca4j.algo.DBaseV24$ParallelBasisBuilder.lambda$run$0()V+33
j  fr.lirmm.fca4j.algo.DBaseV24$ParallelBasisBuilder$$Lambda+0x0000019cb1022bf8.run()V+4
j  java.util.concurrent.Executors$RunnableAdapter.call()Ljava/lang/Object;+4 java.base@21.0.5
j  java.util.concurrent.FutureTask.run()V+39 java.base@21.0.5
j  java.util.concurrent.ThreadPoolExecutor.runWorker(Ljava/util/concurrent/ThreadPoolExecutor$Worker;)V+92 java.base@21.0.5
j  java.util.concurrent.ThreadPoolExecutor$Worker.run()V+5 java.base@21.0.5
j  java.lang.Thread.runWith(Ljava/lang/Object;Ljava/lang/Runnable;)V+5 java.base@21.0.5
j  java.lang.Thread.run()V+19 java.base@21.0.5
v  ~StubRoutines::call_stub 0x0000019c9011100d

siginfo: EXCEPTION_ACCESS_VIOLATION (0xc0000005), reading address 0x0000000000000000


Registers:
RAX=0x0000000000000000, RBX=0x0000000000000000, RCX=0x0000019cf52aa508, RDX=0x0000000000000000
RSP=0x000000434a6fea60, RBP=0x0000000000000000, RSI=0x0000019caf53f7b0, RDI=0x0000019cf52aa150
R8 =0x0000000000000000, R9 =0x0000019cafd580a0, R10=0x0000000000000000, R11=0x000000434a6feb88
R12=0x0000019cf550bb30, R13=0x0000000000000034, R14=0x0000019cf52aa508, R15=0x0000000000000000
RIP=0x00007ffddaf23c87, EFLAGS=0x0000000000010293


Register to memory mapping:

RAX=0x0 is null
RBX=0x0 is null
RCX=0x0000019cf52aa508 points into unknown readable memory: 0x00007ffddb69d610 | 10 d6 69 db fd 7f 00 00
RDX=0x0 is null
RSP=0x000000434a6fea60 is pointing into the stack for thread: 0x0000019cf52aa150
RBP=0x0 is null
RSI=0x0000019caf53f7b0 points into unknown readable memory: 0x0000000000000000 | 00 00 00 00 00 00 00 00
RDI=0x0000019cf52aa150 is a thread
R8 =0x0 is null
R9 =0x0000019cafd580a0 points into unknown readable memory: 0x0000000000000000 | 00 00 00 00 00 00 00 00
R10=0x0 is null
R11=0x000000434a6feb88 is pointing into the stack for thread: 0x0000019cf52aa150
R12=0x0000019cf550bb30 points into unknown readable memory: 0x0001010100010101 | 01 01 01 00 01 01 01 00
R13=0x0000000000000034 is an unknown value
R14=0x0000019cf52aa508 points into unknown readable memory: 0x00007ffddb69d610 | 10 d6 69 db fd 7f 00 00
R15=0x0 is null

Top of Stack: (sp=0x000000434a6fea60)
0x000000434a6fea60:   0000019cafd66570 0000000000000002
0x000000434a6fea70:   0000000000000000 0000000000000002
0x000000434a6fea80:   0000019cf52aa150 0000019cafd673e0
0x000000434a6fea90:   0000019cafd66570 00007ffe1a5afe9a
0x000000434a6feaa0:   0000019cf52aa150 0000000000000000
0x000000434a6feab0:   0000000000000010 0000000000000000
0x000000434a6feac0:   0000000000000010 00007ffe8332d6b0
0x000000434a6fead0:   0000000000000000 0000b857ab68e083
0x000000434a6feae0:   0000019caf53f7b0 0000019cf52aa508
0x000000434a6feaf0:   0000000000000034 0000019cf550bb30
0x000000434a6feb00:   000000434a6feba0 0000019caf53f7b0
0x000000434a6feb10:   00000000000001a0 00007ffe8332da69
0x000000434a6feb20:   0000019cf52aa150 00007ffe8318e0fb
0x000000434a6feb30:   0000019cfe500000 0000000000000000
0x000000434a6feb40:   0000c660747222e4 02007ffddaf252a4
0x000000434a6feb50:   0000019cf52aa508 00007ffe8332d5b5
0x000000434a6feb60:   0000000000000357 0000019c00000000
0x000000434a6feb70:   0000019caf53f7b0 0000000000000000
0x000000434a6feb80:   0000000000000357 00007ffe1a5e2f67
0x000000434a6feb90:   0000000000000357 0000019caf53f790
0x000000434a6feba0:   0000019c00000000 0000019caf53f790
0x000000434a6febb0:   0000019cf14723c8 0000000000000000
0x000000434a6febc0:   0000019cf550bb30 0000019cf52aa150
0x000000434a6febd0:   0000019c00000000 0000019cafd57f60
0x000000434a6febe0:   0000019cf52aa150 0000000000000000
0x000000434a6febf0:   0000019cafd65c30 00007ffddb302b5e
0x000000434a6fec00:   0000000000000020 0000019cf5072ee0
0x000000434a6fec10:   0000019cafd31360 00007ffddb13c5ef
0x000000434a6fec20:   0000000000000000 0000000000000000
0x000000434a6fec30:   000000434a6fed00 0000000442000838
0x000000434a6fec40:   0000000000000000 0000000442000888
0x000000434a6fec50:   000000434a6fedf8 0000019c88dd14ab 

Instructions: (pc=0x00007ffddaf23c87)
0x00007ffddaf23b87:   48 8b c7 c7 83 44 04 00 00 04 00 00 00 48 83 c4
0x00007ffddaf23b97:   40 5f 5e 5b c3 cc cc cc cc 4c 8b dc 53 57 41 57
0x00007ffddaf23ba7:   48 81 ec 10 01 00 00 48 8b 05 23 1e 7a 00 48 33
0x00007ffddaf23bb7:   c4 48 89 84 24 e0 00 00 00 8b 81 b0 00 00 00 48
0x00007ffddaf23bc7:   8d b9 48 fc ff ff 49 89 6b 20 05 53 21 ff ff 4d
0x00007ffddaf23bd7:   89 73 c8 48 8b da 49 63 e8 83 f8 01 77 08 48 8b
0x00007ffddaf23be7:   cf e8 53 70 fa ff 80 3d 35 fb 7d 00 00 c7 87 44
0x00007ffddaf23bf7:   04 00 00 06 00 00 00 75 06 e8 5b 75 27 00 90 48
0x00007ffddaf23c07:   8b 87 48 04 00 00 a8 01 74 0d 45 33 c0 b2 01 48
0x00007ffddaf23c17:   8b cf e8 82 73 2e 00 8b 87 40 04 00 00 a8 0c 74
0x00007ffddaf23c27:   08 48 8b cf e8 c0 84 fa ff 45 33 ff c7 87 44 04
0x00007ffddaf23c37:   00 00 06 00 00 00 48 89 7c 24 40 4c 89 7c 24 48
0x00007ffddaf23c47:   4c 39 7f 08 74 0a 48 8d 4c 24 40 e8 c9 33 2b 00
0x00007ffddaf23c57:   48 8b c3 83 e0 03 48 83 f8 01 75 0f 48 8d 4b ff
0x00007ffddaf23c67:   ff 15 33 6d 77 00 48 8b d8 eb 18 48 83 f8 02 75
0x00007ffddaf23c77:   0f 48 8d 4b fe ff 15 9e e3 76 00 48 8b d8 eb 03
0x00007ffddaf23c87:   48 8b 1b b9 0c 00 00 00 44 8d 71 04 85 ed 78 56
0x00007ffddaf23c97:   0f b6 15 fc 88 77 00 41 8b c6 84 d2 0f 45 c1 3b
0x00007ffddaf23ca7:   2c 18 7d 42 44 38 3d db f8 7d 00 41 8d 4e 08 74
0x00007ffddaf23cb7:   0c 84 d2 41 0f 45 ce 48 8d 14 a9 eb 0a 84 d2 49
0x00007ffddaf23cc7:   0f 45 ce 48 8d 14 e9 48 8b cb ff 15 29 68 77 00
0x00007ffddaf23cd7:   45 33 c0 48 8b cf 48 8b d0 e8 3b 7d 02 00 4c 8b
0x00007ffddaf23ce7:   f8 e9 f1 00 00 00 48 89 b4 24 08 01 00 00 48 8d
0x00007ffddaf23cf7:   4c 24 60 48 8b b7 18 03 00 00 33 d2 4c 89 a4 24
0x00007ffddaf23d07:   00 01 00 00 4c 89 ac 24 f8 00 00 00 48 8b 46 20
0x00007ffddaf23d17:   4c 8b 6e 10 4c 8b 66 18 48 89 44 24 38 48 8b 46
0x00007ffddaf23d27:   28 48 89 44 24 30 e8 2e 71 28 00 44 38 3d 61 88
0x00007ffddaf23d37:   77 00 48 8d 15 c8 1a 56 00 b8 0c 00 00 00 48 8d
0x00007ffddaf23d47:   4c 24 60 4c 0f 45 f0 44 8b c5 45 8b 0c 1e e8 b6
0x00007ffddaf23d57:   84 28 00 48 8b 1d 9f 2b 80 00 48 8d 4c 24 60 33
0x00007ffddaf23d67:   d2 e8 d3 74 28 00 4c 8b cb 48 89 44 24 20 41 b8
0x00007ffddaf23d77:   09 09 00 00 48 8d 15 c6 6f 5a 00 48 8b cf e8 f6 


Stack slot to memory mapping:

stack at sp + 0 slots: 0x0000019cafd66570 points into unknown readable memory: 0x0000000800000008 | 08 00 00 00 08 00 00 00
stack at sp + 1 slots: 0x0000000000000002 is an unknown value
stack at sp + 2 slots: 0x0 is null
stack at sp + 3 slots: 0x0000000000000002 is an unknown value
stack at sp + 4 slots: 0x0000019cf52aa150 is a thread
stack at sp + 5 slots: 0x0000019cafd673e0 points into unknown readable memory: 0x002c002b00290000 | 00 00 29 00 2b 00 2c 00
stack at sp + 6 slots: 0x0000019cafd66570 points into unknown readable memory: 0x0000000800000008 | 08 00 00 00 08 00 00 00
stack at sp + 7 slots: 0x00007ffe1a5afe9a fca4j_dbasis_5251631515735780973fca4j_dbasis.dll


---------------  P R O C E S S  ---------------

Threads class SMR info:
_java_thread_list=0x0000019caf7f7fa0, length=33, elements={
0x0000019c80838c70, 0x0000019caf53b070, 0x0000019caf53bac0, 0x0000019caf53e520,
0x0000019caf53fd20, 0x0000019caf5418b0, 0x0000019caf544c20, 0x0000019caf545ad0,
0x0000019caf54a1b0, 0x0000019caf601440, 0x0000019caf646120, 0x0000019caf64d440,
0x0000019caf788e40, 0x0000019caf78ae80, 0x0000019caf810d40, 0x0000019caf7ecbe0,
0x0000019caf7f2260, 0x0000019cf55b7d50, 0x0000019cf54313f0, 0x0000019cf5379ea0,
0x0000019cf537a500, 0x0000019cf53d0400, 0x0000019cf530e200, 0x0000019cf530f080,
0x0000019cf530f6e0, 0x0000019cf52a9430, 0x0000019cf52a8710, 0x0000019cf52a8da0,
0x0000019cf52a9ac0, 0x0000019cf52aa150, 0x0000019cf52ab500, 0x0000019cf52aa7e0,
0x0000019cf52aae70
}

Java Threads: ( => current thread )
  0x0000019c80838c70 JavaThread "main"                              [_thread_blocked, id=39928, stack(0x0000004348200000,0x0000004348300000) (1024K)]
  0x0000019caf53b070 JavaThread "Reference Handler"          daemon [_thread_blocked, id=31856, stack(0x0000004348a00000,0x0000004348b00000) (1024K)]
  0x0000019caf53bac0 JavaThread "Finalizer"                  daemon [_thread_blocked, id=14328, stack(0x0000004348b00000,0x0000004348c00000) (1024K)]
  0x0000019caf53e520 JavaThread "Signal Dispatcher"          daemon [_thread_blocked, id=33076, stack(0x0000004348c00000,0x0000004348d00000) (1024K)]
  0x0000019caf53fd20 JavaThread "Attach Listener"            daemon [_thread_blocked, id=23316, stack(0x0000004348d00000,0x0000004348e00000) (1024K)]
  0x0000019caf5418b0 JavaThread "Service Thread"             daemon [_thread_blocked, id=21620, stack(0x0000004348e00000,0x0000004348f00000) (1024K)]
  0x0000019caf544c20 JavaThread "Monitor Deflation Thread"   daemon [_thread_blocked, id=41656, stack(0x0000004348f00000,0x0000004349000000) (1024K)]
  0x0000019caf545ad0 JavaThread "C2 CompilerThread0"         daemon [_thread_blocked, id=10356, stack(0x0000004349000000,0x0000004349100000) (1024K)]
  0x0000019caf54a1b0 JavaThread "C1 CompilerThread0"         daemon [_thread_blocked, id=10524, stack(0x0000004349100000,0x0000004349200000) (1024K)]
  0x0000019caf601440 JavaThread "C1 CompilerThread1"         daemon [_thread_blocked, id=11332, stack(0x0000004349200000,0x0000004349300000) (1024K)]
  0x0000019caf646120 JavaThread "C1 CompilerThread2"         daemon [_thread_blocked, id=46064, stack(0x0000004349300000,0x0000004349400000) (1024K)]
  0x0000019caf64d440 JavaThread "C1 CompilerThread3"         daemon [_thread_blocked, id=2516, stack(0x0000004349400000,0x0000004349500000) (1024K)]
  0x0000019caf788e40 JavaThread "Notification Thread"        daemon [_thread_blocked, id=23016, stack(0x0000004349500000,0x0000004349600000) (1024K)]
  0x0000019caf78ae80 JavaThread "Common-Cleaner"             daemon [_thread_blocked, id=31488, stack(0x0000004349600000,0x0000004349700000) (1024K)]
  0x0000019caf810d40 JavaThread "C2 CompilerThread1"         daemon [_thread_blocked, id=30976, stack(0x0000004349700000,0x0000004349800000) (1024K)]
  0x0000019caf7ecbe0 JavaThread "C2 CompilerThread2"         daemon [_thread_blocked, id=4360, stack(0x0000004349800000,0x0000004349900000) (1024K)]
  0x0000019caf7f2260 JavaThread "C2 CompilerThread3"         daemon [_thread_blocked, id=46396, stack(0x0000004349900000,0x0000004349a00000) (1024K)]
  0x0000019cf55b7d50 JavaThread "pool-1-thread-1"                   [_thread_blocked, id=43256, stack(0x0000004349a00000,0x0000004349b00000) (1024K)]
  0x0000019cf54313f0 JavaThread "pool-1-thread-2"                   [_thread_in_vm, id=46716, stack(0x0000004349b00000,0x0000004349c00000) (1024K)]
  0x0000019cf5379ea0 JavaThread "pool-1-thread-3"                   [_thread_in_vm, id=20448, stack(0x0000004349c00000,0x0000004349d00000) (1024K)]
  0x0000019cf537a500 JavaThread "pool-1-thread-4"                   [_thread_in_vm, id=9084, stack(0x0000004349d00000,0x0000004349e00000) (1024K)]
  0x0000019cf53d0400 JavaThread "pool-1-thread-5"                   [_thread_in_vm, id=26628, stack(0x0000004349e00000,0x0000004349f00000) (1024K)]
  0x0000019cf530e200 JavaThread "pool-1-thread-6"                   [_thread_in_vm, id=30276, stack(0x0000004349f00000,0x000000434a000000) (1024K)]
  0x0000019cf530f080 JavaThread "pool-1-thread-7"                   [_thread_in_vm, id=11388, stack(0x000000434a000000,0x000000434a100000) (1024K)]
  0x0000019cf530f6e0 JavaThread "pool-1-thread-8"                   [_thread_in_vm, id=6928, stack(0x000000434a100000,0x000000434a200000) (1024K)]
  0x0000019cf52a9430 JavaThread "pool-1-thread-9"                   [_thread_in_vm, id=38968, stack(0x000000434a200000,0x000000434a300000) (1024K)]
  0x0000019cf52a8710 JavaThread "pool-1-thread-10"                  [_thread_in_vm, id=43772, stack(0x000000434a300000,0x000000434a400000) (1024K)]
  0x0000019cf52a8da0 JavaThread "pool-1-thread-11"                  [_thread_in_vm, id=2604, stack(0x000000434a400000,0x000000434a500000) (1024K)]
  0x0000019cf52a9ac0 JavaThread "pool-1-thread-12"                  [_thread_in_vm, id=31128, stack(0x000000434a500000,0x000000434a600000) (1024K)]
=>0x0000019cf52aa150 JavaThread "pool-1-thread-13"                  [_thread_in_vm, id=20064, stack(0x000000434a600000,0x000000434a700000) (1024K)]
  0x0000019cf52ab500 JavaThread "pool-1-thread-14"                  [_thread_blocked, id=45992, stack(0x000000434a700000,0x000000434a800000) (1024K)]
  0x0000019cf52aa7e0 JavaThread "pool-1-thread-15"                  [_thread_blocked, id=14904, stack(0x000000434a800000,0x000000434a900000) (1024K)]
  0x0000019cf52aae70 JavaThread "pool-1-thread-16"                  [_thread_in_vm, id=2524, stack(0x000000434a900000,0x000000434aa00000) (1024K)]
Total: 33

Other Threads:
  0x0000019cac6b6740 VMThread "VM Thread"                           [id=32804, stack(0x0000004348900000,0x0000004348a00000) (1024K)] _threads_hazard_ptr=0x0000019caf7f7fa0
  0x0000019caf5310a0 WatcherThread "VM Periodic Task Thread"        [id=51788, stack(0x0000004348800000,0x0000004348900000) (1024K)]
  0x0000019c808df160 WorkerThread "GC Thread#0"                     [id=42944, stack(0x0000004348300000,0x0000004348400000) (1024K)]
  0x0000019c808f1100 ConcurrentGCThread "G1 Main Marker"            [id=50752, stack(0x0000004348400000,0x0000004348500000) (1024K)]
  0x0000019c808f31a0 WorkerThread "G1 Conc#0"                       [id=16288, stack(0x0000004348500000,0x0000004348600000) (1024K)]
  0x0000019cac5dca10 ConcurrentGCThread "G1 Refine#0"               [id=32376, stack(0x0000004348600000,0x0000004348700000) (1024K)]
  0x0000019cac5de340 ConcurrentGCThread "G1 Service"                [id=26180, stack(0x0000004348700000,0x0000004348800000) (1024K)]
Total: 7

Threads with active compile tasks:
Total: 0

VM state: not at safepoint (normal execution)

VM Mutex/Monitor currently owned by a thread: None

Heap address: 0x0000000404000000, size: 16320 MB, Compressed Oops mode: Zero based, Oop shift amount: 3

CDS archive(s) mapped at: [0x0000019cb0000000-0x0000019cb0c90000-0x0000019cb0c90000), size 13172736, SharedBaseAddress: 0x0000019cb0000000, ArchiveRelocationMode: 1.
Compressed class space mapped at: 0x0000019cb1000000-0x0000019cf1000000, reserved size: 1073741824
Narrow klass base: 0x0000019cb0000000, Narrow klass shift: 0, Narrow klass range: 0x100000000

GC Precious Log:
 CardTable entry size: 512
 Card Set container configuration: InlinePtr #cards 4 size 8 Array Of Cards #cards 64 size 144 Howl #buckets 8 coarsen threshold 14745 Howl Bitmap #cards 2048 size 272 coarsen threshold 1843 Card regions per heap region 1 cards per card region 16384
 CPUs: 16 total, 16 available
 Memory: 65263M
 Large Page Support: Disabled
 NUMA Support: Disabled
 Compressed Oops: Enabled (Zero based)
 Heap Region Size: 8M
 Heap Min Capacity: 8M
 Heap Initial Capacity: 1G
 Heap Max Capacity: 16320M
 Pre-touch: Disabled
 Parallel Workers: 13
 Concurrent Workers: 3
 Concurrent Refinement Workers: 13
 Periodic GC: Disabled

Heap:
 garbage-first heap   total 1048576K, used 24576K [0x0000000404000000, 0x0000000800000000)
  region size 8192K, 4 young (32768K), 0 survivors (0K)
 Metaspace       used 3552K, committed 3776K, reserved 1114112K
  class space    used 324K, committed 448K, reserved 1048576K

Heap Regions: E=young(eden), S=young(survivor), O=old, HS=humongous(starts), HC=humongous(continues), CS=collection set, F=free, TAMS=top-at-mark-start, PB=parsable bottom
|   0|0x0000000404000000, 0x0000000404000000, 0x0000000404800000|  0%| F|  |TAMS 0x0000000404000000| PB 0x0000000404000000| Untracked 
|   1|0x0000000404800000, 0x0000000404800000, 0x0000000405000000|  0%| F|  |TAMS 0x0000000404800000| PB 0x0000000404800000| Untracked 
|   2|0x0000000405000000, 0x0000000405000000, 0x0000000405800000|  0%| F|  |TAMS 0x0000000405000000| PB 0x0000000405000000| Untracked 
|   3|0x0000000405800000, 0x0000000405800000, 0x0000000406000000|  0%| F|  |TAMS 0x0000000405800000| PB 0x0000000405800000| Untracked 
|   4|0x0000000406000000, 0x0000000406000000, 0x0000000406800000|  0%| F|  |TAMS 0x0000000406000000| PB 0x0000000406000000| Untracked 
|   5|0x0000000406800000, 0x0000000406800000, 0x0000000407000000|  0%| F|  |TAMS 0x0000000406800000| PB 0x0000000406800000| Untracked 
|   6|0x0000000407000000, 0x0000000407000000, 0x0000000407800000|  0%| F|  |TAMS 0x0000000407000000| PB 0x0000000407000000| Untracked 
|   7|0x0000000407800000, 0x0000000407800000, 0x0000000408000000|  0%| F|  |TAMS 0x0000000407800000| PB 0x0000000407800000| Untracked 
|   8|0x0000000408000000, 0x0000000408000000, 0x0000000408800000|  0%| F|  |TAMS 0x0000000408000000| PB 0x0000000408000000| Untracked 
|   9|0x0000000408800000, 0x0000000408800000, 0x0000000409000000|  0%| F|  |TAMS 0x0000000408800000| PB 0x0000000408800000| Untracked 
|  10|0x0000000409000000, 0x0000000409000000, 0x0000000409800000|  0%| F|  |TAMS 0x0000000409000000| PB 0x0000000409000000| Untracked 
|  11|0x0000000409800000, 0x0000000409800000, 0x000000040a000000|  0%| F|  |TAMS 0x0000000409800000| PB 0x0000000409800000| Untracked 
|  12|0x000000040a000000, 0x000000040a000000, 0x000000040a800000|  0%| F|  |TAMS 0x000000040a000000| PB 0x000000040a000000| Untracked 
|  13|0x000000040a800000, 0x000000040a800000, 0x000000040b000000|  0%| F|  |TAMS 0x000000040a800000| PB 0x000000040a800000| Untracked 
|  14|0x000000040b000000, 0x000000040b000000, 0x000000040b800000|  0%| F|  |TAMS 0x000000040b000000| PB 0x000000040b000000| Untracked 
|  15|0x000000040b800000, 0x000000040b800000, 0x000000040c000000|  0%| F|  |TAMS 0x000000040b800000| PB 0x000000040b800000| Untracked 
|  16|0x000000040c000000, 0x000000040c000000, 0x000000040c800000|  0%| F|  |TAMS 0x000000040c000000| PB 0x000000040c000000| Untracked 
|  17|0x000000040c800000, 0x000000040c800000, 0x000000040d000000|  0%| F|  |TAMS 0x000000040c800000| PB 0x000000040c800000| Untracked 
|  18|0x000000040d000000, 0x000000040d000000, 0x000000040d800000|  0%| F|  |TAMS 0x000000040d000000| PB 0x000000040d000000| Untracked 
|  19|0x000000040d800000, 0x000000040d800000, 0x000000040e000000|  0%| F|  |TAMS 0x000000040d800000| PB 0x000000040d800000| Untracked 
|  20|0x000000040e000000, 0x000000040e000000, 0x000000040e800000|  0%| F|  |TAMS 0x000000040e000000| PB 0x000000040e000000| Untracked 
|  21|0x000000040e800000, 0x000000040e800000, 0x000000040f000000|  0%| F|  |TAMS 0x000000040e800000| PB 0x000000040e800000| Untracked 
|  22|0x000000040f000000, 0x000000040f000000, 0x000000040f800000|  0%| F|  |TAMS 0x000000040f000000| PB 0x000000040f000000| Untracked 
|  23|0x000000040f800000, 0x000000040f800000, 0x0000000410000000|  0%| F|  |TAMS 0x000000040f800000| PB 0x000000040f800000| Untracked 
|  24|0x0000000410000000, 0x0000000410000000, 0x0000000410800000|  0%| F|  |TAMS 0x0000000410000000| PB 0x0000000410000000| Untracked 
|  25|0x0000000410800000, 0x0000000410800000, 0x0000000411000000|  0%| F|  |TAMS 0x0000000410800000| PB 0x0000000410800000| Untracked 
|  26|0x0000000411000000, 0x0000000411000000, 0x0000000411800000|  0%| F|  |TAMS 0x0000000411000000| PB 0x0000000411000000| Untracked 
|  27|0x0000000411800000, 0x0000000411800000, 0x0000000412000000|  0%| F|  |TAMS 0x0000000411800000| PB 0x0000000411800000| Untracked 
|  28|0x0000000412000000, 0x0000000412000000, 0x0000000412800000|  0%| F|  |TAMS 0x0000000412000000| PB 0x0000000412000000| Untracked 
|  29|0x0000000412800000, 0x0000000412800000, 0x0000000413000000|  0%| F|  |TAMS 0x0000000412800000| PB 0x0000000412800000| Untracked 
|  30|0x0000000413000000, 0x0000000413000000, 0x0000000413800000|  0%| F|  |TAMS 0x0000000413000000| PB 0x0000000413000000| Untracked 
|  31|0x0000000413800000, 0x0000000413800000, 0x0000000414000000|  0%| F|  |TAMS 0x0000000413800000| PB 0x0000000413800000| Untracked 
|  32|0x0000000414000000, 0x0000000414000000, 0x0000000414800000|  0%| F|  |TAMS 0x0000000414000000| PB 0x0000000414000000| Untracked 
|  33|0x0000000414800000, 0x0000000414800000, 0x0000000415000000|  0%| F|  |TAMS 0x0000000414800000| PB 0x0000000414800000| Untracked 
|  34|0x0000000415000000, 0x0000000415000000, 0x0000000415800000|  0%| F|  |TAMS 0x0000000415000000| PB 0x0000000415000000| Untracked 
|  35|0x0000000415800000, 0x0000000415800000, 0x0000000416000000|  0%| F|  |TAMS 0x0000000415800000| PB 0x0000000415800000| Untracked 
|  36|0x0000000416000000, 0x0000000416000000, 0x0000000416800000|  0%| F|  |TAMS 0x0000000416000000| PB 0x0000000416000000| Untracked 
|  37|0x0000000416800000, 0x0000000416800000, 0x0000000417000000|  0%| F|  |TAMS 0x0000000416800000| PB 0x0000000416800000| Untracked 
|  38|0x0000000417000000, 0x0000000417000000, 0x0000000417800000|  0%| F|  |TAMS 0x0000000417000000| PB 0x0000000417000000| Untracked 
|  39|0x0000000417800000, 0x0000000417800000, 0x0000000418000000|  0%| F|  |TAMS 0x0000000417800000| PB 0x0000000417800000| Untracked 
|  40|0x0000000418000000, 0x0000000418000000, 0x0000000418800000|  0%| F|  |TAMS 0x0000000418000000| PB 0x0000000418000000| Untracked 
|  41|0x0000000418800000, 0x0000000418800000, 0x0000000419000000|  0%| F|  |TAMS 0x0000000418800000| PB 0x0000000418800000| Untracked 
|  42|0x0000000419000000, 0x0000000419000000, 0x0000000419800000|  0%| F|  |TAMS 0x0000000419000000| PB 0x0000000419000000| Untracked 
|  43|0x0000000419800000, 0x0000000419800000, 0x000000041a000000|  0%| F|  |TAMS 0x0000000419800000| PB 0x0000000419800000| Untracked 
|  44|0x000000041a000000, 0x000000041a000000, 0x000000041a800000|  0%| F|  |TAMS 0x000000041a000000| PB 0x000000041a000000| Untracked 
|  45|0x000000041a800000, 0x000000041a800000, 0x000000041b000000|  0%| F|  |TAMS 0x000000041a800000| PB 0x000000041a800000| Untracked 
|  46|0x000000041b000000, 0x000000041b000000, 0x000000041b800000|  0%| F|  |TAMS 0x000000041b000000| PB 0x000000041b000000| Untracked 
|  47|0x000000041b800000, 0x000000041b800000, 0x000000041c000000|  0%| F|  |TAMS 0x000000041b800000| PB 0x000000041b800000| Untracked 
|  48|0x000000041c000000, 0x000000041c000000, 0x000000041c800000|  0%| F|  |TAMS 0x000000041c000000| PB 0x000000041c000000| Untracked 
|  49|0x000000041c800000, 0x000000041c800000, 0x000000041d000000|  0%| F|  |TAMS 0x000000041c800000| PB 0x000000041c800000| Untracked 
|  50|0x000000041d000000, 0x000000041d000000, 0x000000041d800000|  0%| F|  |TAMS 0x000000041d000000| PB 0x000000041d000000| Untracked 
|  51|0x000000041d800000, 0x000000041d800000, 0x000000041e000000|  0%| F|  |TAMS 0x000000041d800000| PB 0x000000041d800000| Untracked 
|  52|0x000000041e000000, 0x000000041e000000, 0x000000041e800000|  0%| F|  |TAMS 0x000000041e000000| PB 0x000000041e000000| Untracked 
|  53|0x000000041e800000, 0x000000041e800000, 0x000000041f000000|  0%| F|  |TAMS 0x000000041e800000| PB 0x000000041e800000| Untracked 
|  54|0x000000041f000000, 0x000000041f000000, 0x000000041f800000|  0%| F|  |TAMS 0x000000041f000000| PB 0x000000041f000000| Untracked 
|  55|0x000000041f800000, 0x000000041f800000, 0x0000000420000000|  0%| F|  |TAMS 0x000000041f800000| PB 0x000000041f800000| Untracked 
|  56|0x0000000420000000, 0x0000000420000000, 0x0000000420800000|  0%| F|  |TAMS 0x0000000420000000| PB 0x0000000420000000| Untracked 
|  57|0x0000000420800000, 0x0000000420800000, 0x0000000421000000|  0%| F|  |TAMS 0x0000000420800000| PB 0x0000000420800000| Untracked 
|  58|0x0000000421000000, 0x0000000421000000, 0x0000000421800000|  0%| F|  |TAMS 0x0000000421000000| PB 0x0000000421000000| Untracked 
|  59|0x0000000421800000, 0x0000000421800000, 0x0000000422000000|  0%| F|  |TAMS 0x0000000421800000| PB 0x0000000421800000| Untracked 
|  60|0x0000000422000000, 0x0000000422000000, 0x0000000422800000|  0%| F|  |TAMS 0x0000000422000000| PB 0x0000000422000000| Untracked 
|  61|0x0000000422800000, 0x0000000422800000, 0x0000000423000000|  0%| F|  |TAMS 0x0000000422800000| PB 0x0000000422800000| Untracked 
|  62|0x0000000423000000, 0x0000000423000000, 0x0000000423800000|  0%| F|  |TAMS 0x0000000423000000| PB 0x0000000423000000| Untracked 
|  63|0x0000000423800000, 0x0000000423800000, 0x0000000424000000|  0%| F|  |TAMS 0x0000000423800000| PB 0x0000000423800000| Untracked 
|  64|0x0000000424000000, 0x0000000424000000, 0x0000000424800000|  0%| F|  |TAMS 0x0000000424000000| PB 0x0000000424000000| Untracked 
|  65|0x0000000424800000, 0x0000000424800000, 0x0000000425000000|  0%| F|  |TAMS 0x0000000424800000| PB 0x0000000424800000| Untracked 
|  66|0x0000000425000000, 0x0000000425000000, 0x0000000425800000|  0%| F|  |TAMS 0x0000000425000000| PB 0x0000000425000000| Untracked 
|  67|0x0000000425800000, 0x0000000425800000, 0x0000000426000000|  0%| F|  |TAMS 0x0000000425800000| PB 0x0000000425800000| Untracked 
|  68|0x0000000426000000, 0x0000000426000000, 0x0000000426800000|  0%| F|  |TAMS 0x0000000426000000| PB 0x0000000426000000| Untracked 
|  69|0x0000000426800000, 0x0000000426800000, 0x0000000427000000|  0%| F|  |TAMS 0x0000000426800000| PB 0x0000000426800000| Untracked 
|  70|0x0000000427000000, 0x0000000427000000, 0x0000000427800000|  0%| F|  |TAMS 0x0000000427000000| PB 0x0000000427000000| Untracked 
|  71|0x0000000427800000, 0x0000000427800000, 0x0000000428000000|  0%| F|  |TAMS 0x0000000427800000| PB 0x0000000427800000| Untracked 
|  72|0x0000000428000000, 0x0000000428000000, 0x0000000428800000|  0%| F|  |TAMS 0x0000000428000000| PB 0x0000000428000000| Untracked 
|  73|0x0000000428800000, 0x0000000428800000, 0x0000000429000000|  0%| F|  |TAMS 0x0000000428800000| PB 0x0000000428800000| Untracked 
|  74|0x0000000429000000, 0x0000000429000000, 0x0000000429800000|  0%| F|  |TAMS 0x0000000429000000| PB 0x0000000429000000| Untracked 
|  75|0x0000000429800000, 0x0000000429800000, 0x000000042a000000|  0%| F|  |TAMS 0x0000000429800000| PB 0x0000000429800000| Untracked 
|  76|0x000000042a000000, 0x000000042a000000, 0x000000042a800000|  0%| F|  |TAMS 0x000000042a000000| PB 0x000000042a000000| Untracked 
|  77|0x000000042a800000, 0x000000042a800000, 0x000000042b000000|  0%| F|  |TAMS 0x000000042a800000| PB 0x000000042a800000| Untracked 
|  78|0x000000042b000000, 0x000000042b000000, 0x000000042b800000|  0%| F|  |TAMS 0x000000042b000000| PB 0x000000042b000000| Untracked 
|  79|0x000000042b800000, 0x000000042b800000, 0x000000042c000000|  0%| F|  |TAMS 0x000000042b800000| PB 0x000000042b800000| Untracked 
|  80|0x000000042c000000, 0x000000042c000000, 0x000000042c800000|  0%| F|  |TAMS 0x000000042c000000| PB 0x000000042c000000| Untracked 
|  81|0x000000042c800000, 0x000000042c800000, 0x000000042d000000|  0%| F|  |TAMS 0x000000042c800000| PB 0x000000042c800000| Untracked 
|  82|0x000000042d000000, 0x000000042d000000, 0x000000042d800000|  0%| F|  |TAMS 0x000000042d000000| PB 0x000000042d000000| Untracked 
|  83|0x000000042d800000, 0x000000042d800000, 0x000000042e000000|  0%| F|  |TAMS 0x000000042d800000| PB 0x000000042d800000| Untracked 
|  84|0x000000042e000000, 0x000000042e000000, 0x000000042e800000|  0%| F|  |TAMS 0x000000042e000000| PB 0x000000042e000000| Untracked 
|  85|0x000000042e800000, 0x000000042e800000, 0x000000042f000000|  0%| F|  |TAMS 0x000000042e800000| PB 0x000000042e800000| Untracked 
|  86|0x000000042f000000, 0x000000042f000000, 0x000000042f800000|  0%| F|  |TAMS 0x000000042f000000| PB 0x000000042f000000| Untracked 
|  87|0x000000042f800000, 0x000000042f800000, 0x0000000430000000|  0%| F|  |TAMS 0x000000042f800000| PB 0x000000042f800000| Untracked 
|  88|0x0000000430000000, 0x0000000430000000, 0x0000000430800000|  0%| F|  |TAMS 0x0000000430000000| PB 0x0000000430000000| Untracked 
|  89|0x0000000430800000, 0x0000000430800000, 0x0000000431000000|  0%| F|  |TAMS 0x0000000430800000| PB 0x0000000430800000| Untracked 
|  90|0x0000000431000000, 0x0000000431000000, 0x0000000431800000|  0%| F|  |TAMS 0x0000000431000000| PB 0x0000000431000000| Untracked 
|  91|0x0000000431800000, 0x0000000431800000, 0x0000000432000000|  0%| F|  |TAMS 0x0000000431800000| PB 0x0000000431800000| Untracked 
|  92|0x0000000432000000, 0x0000000432000000, 0x0000000432800000|  0%| F|  |TAMS 0x0000000432000000| PB 0x0000000432000000| Untracked 
|  93|0x0000000432800000, 0x0000000432800000, 0x0000000433000000|  0%| F|  |TAMS 0x0000000432800000| PB 0x0000000432800000| Untracked 
|  94|0x0000000433000000, 0x0000000433000000, 0x0000000433800000|  0%| F|  |TAMS 0x0000000433000000| PB 0x0000000433000000| Untracked 
|  95|0x0000000433800000, 0x0000000433800000, 0x0000000434000000|  0%| F|  |TAMS 0x0000000433800000| PB 0x0000000433800000| Untracked 
|  96|0x0000000434000000, 0x0000000434000000, 0x0000000434800000|  0%| F|  |TAMS 0x0000000434000000| PB 0x0000000434000000| Untracked 
|  97|0x0000000434800000, 0x0000000434800000, 0x0000000435000000|  0%| F|  |TAMS 0x0000000434800000| PB 0x0000000434800000| Untracked 
|  98|0x0000000435000000, 0x0000000435000000, 0x0000000435800000|  0%| F|  |TAMS 0x0000000435000000| PB 0x0000000435000000| Untracked 
|  99|0x0000000435800000, 0x0000000435800000, 0x0000000436000000|  0%| F|  |TAMS 0x0000000435800000| PB 0x0000000435800000| Untracked 
| 100|0x0000000436000000, 0x0000000436000000, 0x0000000436800000|  0%| F|  |TAMS 0x0000000436000000| PB 0x0000000436000000| Untracked 
| 101|0x0000000436800000, 0x0000000436800000, 0x0000000437000000|  0%| F|  |TAMS 0x0000000436800000| PB 0x0000000436800000| Untracked 
| 102|0x0000000437000000, 0x0000000437000000, 0x0000000437800000|  0%| F|  |TAMS 0x0000000437000000| PB 0x0000000437000000| Untracked 
| 103|0x0000000437800000, 0x0000000437800000, 0x0000000438000000|  0%| F|  |TAMS 0x0000000437800000| PB 0x0000000437800000| Untracked 
| 104|0x0000000438000000, 0x0000000438000000, 0x0000000438800000|  0%| F|  |TAMS 0x0000000438000000| PB 0x0000000438000000| Untracked 
| 105|0x0000000438800000, 0x0000000438800000, 0x0000000439000000|  0%| F|  |TAMS 0x0000000438800000| PB 0x0000000438800000| Untracked 
| 106|0x0000000439000000, 0x0000000439000000, 0x0000000439800000|  0%| F|  |TAMS 0x0000000439000000| PB 0x0000000439000000| Untracked 
| 107|0x0000000439800000, 0x0000000439800000, 0x000000043a000000|  0%| F|  |TAMS 0x0000000439800000| PB 0x0000000439800000| Untracked 
| 108|0x000000043a000000, 0x000000043a000000, 0x000000043a800000|  0%| F|  |TAMS 0x000000043a000000| PB 0x000000043a000000| Untracked 
| 109|0x000000043a800000, 0x000000043a800000, 0x000000043b000000|  0%| F|  |TAMS 0x000000043a800000| PB 0x000000043a800000| Untracked 
| 110|0x000000043b000000, 0x000000043b000000, 0x000000043b800000|  0%| F|  |TAMS 0x000000043b000000| PB 0x000000043b000000| Untracked 
| 111|0x000000043b800000, 0x000000043b800000, 0x000000043c000000|  0%| F|  |TAMS 0x000000043b800000| PB 0x000000043b800000| Untracked 
| 112|0x000000043c000000, 0x000000043c000000, 0x000000043c800000|  0%| F|  |TAMS 0x000000043c000000| PB 0x000000043c000000| Untracked 
| 113|0x000000043c800000, 0x000000043c800000, 0x000000043d000000|  0%| F|  |TAMS 0x000000043c800000| PB 0x000000043c800000| Untracked 
| 114|0x000000043d000000, 0x000000043d000000, 0x000000043d800000|  0%| F|  |TAMS 0x000000043d000000| PB 0x000000043d000000| Untracked 
| 115|0x000000043d800000, 0x000000043d800000, 0x000000043e000000|  0%| F|  |TAMS 0x000000043d800000| PB 0x000000043d800000| Untracked 
| 116|0x000000043e000000, 0x000000043e000000, 0x000000043e800000|  0%| F|  |TAMS 0x000000043e000000| PB 0x000000043e000000| Untracked 
| 117|0x000000043e800000, 0x000000043e800000, 0x000000043f000000|  0%| F|  |TAMS 0x000000043e800000| PB 0x000000043e800000| Untracked 
| 118|0x000000043f000000, 0x000000043f000000, 0x000000043f800000|  0%| F|  |TAMS 0x000000043f000000| PB 0x000000043f000000| Untracked 
| 119|0x000000043f800000, 0x000000043f800000, 0x0000000440000000|  0%| F|  |TAMS 0x000000043f800000| PB 0x000000043f800000| Untracked 
| 120|0x0000000440000000, 0x0000000440000000, 0x0000000440800000|  0%| F|  |TAMS 0x0000000440000000| PB 0x0000000440000000| Untracked 
| 121|0x0000000440800000, 0x0000000440800000, 0x0000000441000000|  0%| F|  |TAMS 0x0000000440800000| PB 0x0000000440800000| Untracked 
| 122|0x0000000441000000, 0x0000000441000000, 0x0000000441800000|  0%| F|  |TAMS 0x0000000441000000| PB 0x0000000441000000| Untracked 
| 123|0x0000000441800000, 0x0000000441800000, 0x0000000442000000|  0%| F|  |TAMS 0x0000000441800000| PB 0x0000000441800000| Untracked 
| 124|0x0000000442000000, 0x00000004423e26b8, 0x0000000442800000| 48%| E|  |TAMS 0x0000000442000000| PB 0x0000000442000000| Complete 
| 125|0x0000000442800000, 0x0000000443000000, 0x0000000443000000|100%| E|CS|TAMS 0x0000000442800000| PB 0x0000000442800000| Complete 
| 126|0x0000000443000000, 0x0000000443800000, 0x0000000443800000|100%| E|CS|TAMS 0x0000000443000000| PB 0x0000000443000000| Complete 
| 127|0x0000000443800000, 0x0000000444000000, 0x0000000444000000|100%| E|CS|TAMS 0x0000000443800000| PB 0x0000000443800000| Complete 

Card table byte_map: [0x0000019c9a520000,0x0000019c9c500000] _byte_map_base: 0x0000019c98500000

Marking Bits: (CMBitMap*) 0x0000019c808df510
 Bits: [0x0000019c9c500000, 0x0000019cac400000)

Polling page: 0x0000019c80000000

Metaspace:

Usage:
  Non-class:      3.15 MB used.
      Class:    324.05 KB used.
       Both:      3.47 MB used.

Virtual space:
  Non-class space:       64.00 MB reserved,       3.25 MB (  5%) committed,  1 nodes.
      Class space:        1.00 GB reserved,     448.00 KB ( <1%) committed,  1 nodes.
             Both:        1.06 GB reserved,       3.69 MB ( <1%) committed. 

Chunk freelists:
   Non-Class:  10.70 MB
       Class:  15.61 MB
        Both:  26.31 MB

MaxMetaspaceSize: unlimited
CompressedClassSpaceSize: 1.00 GB
Initial GC threshold: 21.00 MB
Current GC threshold: 21.00 MB
CDS: on
 - commit_granule_bytes: 65536.
 - commit_granule_words: 8192.
 - virtual_space_node_default_size: 8388608.
 - enlarge_chunks_in_place: 1.
 - use_allocation_guard: 0.


Internal statistics:

num_allocs_failed_limit: 0.
num_arena_births: 56.
num_arena_deaths: 0.
num_vsnodes_births: 2.
num_vsnodes_deaths: 0.
num_space_committed: 59.
num_space_uncommitted: 0.
num_chunks_returned_to_freelist: 0.
num_chunks_taken_from_freelist: 130.
num_chunk_merges: 0.
num_chunk_splits: 83.
num_chunks_enlarged: 60.
num_inconsistent_stats: 0.

CodeHeap 'non-profiled nmethods': size=119168Kb used=352Kb max_used=352Kb free=118816Kb
 bounds [0x0000019c90860000, 0x0000019c90ad0000, 0x0000019c97cc0000]
CodeHeap 'profiled nmethods': size=119104Kb used=1338Kb max_used=1338Kb free=117765Kb
 bounds [0x0000019c88cc0000, 0x0000019c88f30000, 0x0000019c90110000]
CodeHeap 'non-nmethods': size=7488Kb used=3053Kb max_used=3086Kb free=4435Kb
 bounds [0x0000019c90110000, 0x0000019c90420000, 0x0000019c90860000]
 total_blobs=1391 nmethods=923 adapters=370
 compilation: enabled
              stopped_count=0, restarted_count=0
 full_count=0

Compilation events (20 events):
Event: 0.398 Thread 0x0000019caf54a1b0 nmethod 906 0x0000019c88e0b290 code [0x0000019c88e0b420, 0x0000019c88e0b5c0]
Event: 0.399 Thread 0x0000019caf54a1b0  907       3       java.lang.invoke.MemberName$Factory::resolveOrFail (79 bytes)
Event: 0.399 Thread 0x0000019caf54a1b0 nmethod 907 0x0000019c88e0b690 code [0x0000019c88e0b8a0, 0x0000019c88e0bf80]
Event: 0.400 Thread 0x0000019caf545ad0 nmethod 894 0x0000019c908b2d10 code [0x0000019c908b2f00, 0x0000019c908b3470]
Event: 0.402 Thread 0x0000019caf545ad0  910       4       java.util.concurrent.locks.AbstractQueuedSynchronizer::release (19 bytes)
Event: 0.402 Thread 0x0000019caf646120  911       3       java.util.concurrent.locks.AbstractQueuedSynchronizer::signalNext (34 bytes)
Event: 0.402 Thread 0x0000019caf810d40  912       4       java.util.concurrent.locks.ReentrantLock$NonfairSync::initialTryLock (58 bytes)
Event: 0.402 Thread 0x0000019caf601440  913       3       java.lang.Thread::interrupted (7 bytes)
Event: 0.402 Thread 0x0000019caf54a1b0  915       3       java.lang.Thread::getAndClearInterrupt (19 bytes)
Event: 0.402 Thread 0x0000019caf64d440  917       1       java.util.concurrent.atomic.AtomicInteger::get (5 bytes)
Event: 0.402 Thread 0x0000019caf64d440 nmethod 917 0x0000019c908b4310 code [0x0000019c908b44a0, 0x0000019c908b4568]
Event: 0.402 Thread 0x0000019caf64d440  918       3       java.lang.ClassLoader::loadClass (7 bytes)
Event: 0.402 Thread 0x0000019caf54a1b0 nmethod 915 0x0000019c88e0c210 code [0x0000019c88e0c3c0, 0x0000019c88e0c548]
Event: 0.402 Thread 0x0000019caf54a1b0  919       3       jdk.internal.loader.BuiltinClassLoader::loadClass (22 bytes)
Event: 0.402 Thread 0x0000019caf646120 nmethod 911 0x0000019c88e0c610 code [0x0000019c88e0c800, 0x0000019c88e0ccb8]
Event: 0.402 Thread 0x0000019caf64d440 nmethod 918 0x0000019c88e0ce90 code [0x0000019c88e0d040, 0x0000019c88e0d218]
Event: 0.402 Thread 0x0000019caf646120  920       3       jdk.internal.loader.ClassLoaders$BootClassLoader::loadClassOrNull (10 bytes)
Event: 0.402 Thread 0x0000019caf601440 nmethod 913 0x0000019c88e0d290 code [0x0000019c88e0d440, 0x0000019c88e0d6a8]
Event: 0.403 Thread 0x0000019caf54a1b0 nmethod 919 0x0000019c88e0d790 code [0x0000019c88e0d940, 0x0000019c88e0dbf8]
Event: 0.403 Thread 0x0000019caf646120 nmethod 920 0x0000019c88e0dd10 code [0x0000019c88e0dee0, 0x0000019c88e0e178]

GC Heap History (0 events):
No events

Dll operation events (7 events):
Event: 0.006 Loaded shared library C:\Program Files\Java\jdk-21\bin\java.dll
Event: 0.029 Loaded shared library C:\Program Files\Java\jdk-21\bin\jsvml.dll
Event: 0.042 Loaded shared library C:\Program Files\Java\jdk-21\bin\net.dll
Event: 0.043 Loaded shared library C:\Program Files\Java\jdk-21\bin\nio.dll
Event: 0.047 Loaded shared library C:\Program Files\Java\jdk-21\bin\zip.dll
Event: 0.145 Loaded shared library C:\Program Files\Java\jdk-21\bin\jimage.dll
Event: 0.211 Loaded shared library C:\Users\gutierre\AppData\Local\Temp\fca4j_dbasis_5251631515735780973fca4j_dbasis.dll

Deoptimization events (20 events):
Event: 0.329 Thread 0x0000019c80838c70 Uncommon trap: trap_request=0xffffffde fr.pc=0x0000019c9089f370 relative=0x0000000000000290
Event: 0.329 Thread 0x0000019c80838c70 Uncommon trap: reason=class_check action=maybe_recompile pc=0x0000019c9089f370 method=fr.lirmm.fca4j.algo.Clarification$RefSet.compareTo(Ljava/lang/Object;)I @ 4 c2
Event: 0.329 Thread 0x0000019c80838c70 DEOPT PACKING pc=0x0000019c9089f370 sp=0x00000043482fef10
Event: 0.329 Thread 0x0000019c80838c70 DEOPT UNPACKING pc=0x0000019c901646a2 sp=0x00000043482feeb0 mode 2
Event: 0.329 Thread 0x0000019c80838c70 Uncommon trap: trap_request=0xffffffde fr.pc=0x0000019c9089f370 relative=0x0000000000000290
Event: 0.329 Thread 0x0000019c80838c70 Uncommon trap: reason=class_check action=maybe_recompile pc=0x0000019c9089f370 method=fr.lirmm.fca4j.algo.Clarification$RefSet.compareTo(Ljava/lang/Object;)I @ 4 c2
Event: 0.330 Thread 0x0000019c80838c70 DEOPT PACKING pc=0x0000019c9089f370 sp=0x00000043482fef10
Event: 0.330 Thread 0x0000019c80838c70 DEOPT UNPACKING pc=0x0000019c901646a2 sp=0x00000043482feeb0 mode 2
Event: 0.338 Thread 0x0000019c80838c70 Uncommon trap: trap_request=0xffffff45 fr.pc=0x0000019c908a3044 relative=0x0000000000000124
Event: 0.338 Thread 0x0000019c80838c70 Uncommon trap: reason=unstable_if action=reinterpret pc=0x0000019c908a3044 method=java.util.BitSet.nextSetBit(I)I @ 45 c2
Event: 0.338 Thread 0x0000019c80838c70 DEOPT PACKING pc=0x0000019c908a3044 sp=0x00000043482ff1d0
Event: 0.338 Thread 0x0000019c80838c70 DEOPT UNPACKING pc=0x0000019c901646a2 sp=0x00000043482ff150 mode 2
Event: 0.400 Thread 0x0000019cf55b7d50 Uncommon trap: trap_request=0xffffff45 fr.pc=0x0000019c90872ec8 relative=0x0000000000000048
Event: 0.400 Thread 0x0000019cf54313f0 Uncommon trap: trap_request=0xffffff45 fr.pc=0x0000019c90872ec8 relative=0x0000000000000048
Event: 0.401 Thread 0x0000019cf55b7d50 Uncommon trap: reason=unstable_if action=reinterpret pc=0x0000019c90872ec8 method=java.util.concurrent.locks.AbstractQueuedSynchronizer.signalNext(Ljava/util/concurrent/locks/AbstractQueuedSynchronizer$Node;)V @ 1 c2
Event: 0.401 Thread 0x0000019cf54313f0 Uncommon trap: reason=unstable_if action=reinterpret pc=0x0000019c90872ec8 method=java.util.concurrent.locks.AbstractQueuedSynchronizer.signalNext(Ljava/util/concurrent/locks/AbstractQueuedSynchronizer$Node;)V @ 1 c2
Event: 0.401 Thread 0x0000019cf55b7d50 DEOPT PACKING pc=0x0000019c90872ec8 sp=0x0000004349afeae0
Event: 0.401 Thread 0x0000019cf55b7d50 DEOPT UNPACKING pc=0x0000019c901646a2 sp=0x0000004349afea78 mode 2
Event: 0.401 Thread 0x0000019cf54313f0 DEOPT PACKING pc=0x0000019c90872ec8 sp=0x0000004349bfee30
Event: 0.401 Thread 0x0000019cf54313f0 DEOPT UNPACKING pc=0x0000019c901646a2 sp=0x0000004349bfedc8 mode 2

Classes loaded (20 events):
Event: 0.397 Loading class java/util/concurrent/RejectedExecutionHandler done
Event: 0.397 Loading class java/util/concurrent/ThreadPoolExecutor$AbortPolicy done
Event: 0.397 Loading class java/util/concurrent/Executors$DefaultThreadFactory
Event: 0.397 Loading class java/util/concurrent/Executors$DefaultThreadFactory done
Event: 0.398 Loading class java/util/concurrent/FutureTask
Event: 0.398 Loading class java/util/concurrent/RunnableFuture
Event: 0.398 Loading class java/util/concurrent/RunnableFuture done
Event: 0.398 Loading class java/util/concurrent/FutureTask done
Event: 0.398 Loading class java/lang/invoke/VarHandleInts$FieldInstanceReadWrite
Event: 0.398 Loading class java/lang/invoke/VarHandleInts$FieldInstanceReadOnly
Event: 0.399 Loading class java/lang/invoke/VarHandleInts$FieldInstanceReadOnly done
Event: 0.399 Loading class java/lang/invoke/VarHandleInts$FieldInstanceReadWrite done
Event: 0.399 Loading class java/util/concurrent/FutureTask$WaitNode
Event: 0.399 Loading class java/util/concurrent/FutureTask$WaitNode done
Event: 0.399 Loading class java/util/concurrent/Executors$RunnableAdapter
Event: 0.399 Loading class java/util/concurrent/Callable
Event: 0.399 Loading class java/util/concurrent/Callable done
Event: 0.399 Loading class java/util/concurrent/Executors$RunnableAdapter done
Event: 0.399 Loading class java/util/concurrent/ThreadPoolExecutor$Worker
Event: 0.399 Loading class java/util/concurrent/ThreadPoolExecutor$Worker done

Classes unloaded (0 events):
No events

Classes redefined (0 events):
No events

Internal exceptions (6 events):
Event: 0.179 Thread 0x0000019c80838c70 Exception <a 'java/lang/NoSuchMethodError'{0x000000044323f018}: 'java.lang.Object java.lang.invoke.DirectMethodHandle$Holder.invokeStaticInit(java.lang.Object, int, int, int, int)'> (0x000000044323f018) 
thrown [s\open\src\hotspot\share\interpreter\linkResolver.cpp, line 773]
Event: 0.194 Thread 0x0000019c80838c70 Exception <a 'java/lang/NoSuchMethodError'{0x0000000443267830}: 'java.lang.Object java.lang.invoke.DirectMethodHandle$Holder.invokeStaticInit(java.lang.Object, java.lang.Object, int, int, int, int)'> (0x0000000443267830) 
thrown [s\open\src\hotspot\share\interpreter\linkResolver.cpp, line 773]
Event: 0.234 Thread 0x0000019c80838c70 Exception <a 'java/lang/NoSuchMethodError'{0x00000004432f9b78}: 'java.lang.Object java.lang.invoke.DirectMethodHandle$Holder.invokeStatic(java.lang.Object, int, java.lang.Object)'> (0x00000004432f9b78) 
thrown [s\open\src\hotspot\share\interpreter\linkResolver.cpp, line 773]
Event: 0.237 Thread 0x0000019c80838c70 Exception <a 'java/lang/NoSuchMethodError'{0x00000004433081f8}: 'void java.lang.invoke.DirectMethodHandle$Holder.invokeSpecial(java.lang.Object, java.lang.Object, java.lang.Object)'> (0x00000004433081f8) 
thrown [s\open\src\hotspot\share\interpreter\linkResolver.cpp, line 773]
Event: 0.247 Thread 0x0000019c80838c70 Exception <a 'java/lang/ClassNotFoundException'{0x0000000443349a88}: sun/util/logging/resources/spi/loggingProvider> (0x0000000443349a88) 
thrown [s\open\src\hotspot\share\classfile\systemDictionary.cpp, line 312]
Event: 0.363 Thread 0x0000019c80838c70 Exception <a 'java/lang/NoSuchMethodError'{0x0000000443619ea0}: 'java.lang.Object java.lang.invoke.Invokers$Holder.invokeExact_MT(java.lang.Object, java.lang.Object, java.lang.Object, java.lang.Object, java.lang.Object, java.lang.Object)'> (0x0000000443619ea0) 
thrown [s\open\src\hotspot\share\interpreter\linkResolver.cpp, line 773]

ZGC Phase Switch (0 events):
No events

VM Operations (12 events):
Event: 0.048 Executing VM operation: HandshakeAllThreads (Deoptimize)
Event: 0.048 Executing VM operation: HandshakeAllThreads (Deoptimize) done
Event: 0.269 Executing VM operation: HandshakeAllThreads (Deoptimize)
Event: 0.269 Executing VM operation: HandshakeAllThreads (Deoptimize) done
Event: 0.368 Executing VM operation: HandshakeAllThreads (Deoptimize)
Event: 0.368 Executing VM operation: HandshakeAllThreads (Deoptimize) done
Event: 0.391 Executing VM operation: HandshakeAllThreads (Deoptimize)
Event: 0.391 Executing VM operation: HandshakeAllThreads (Deoptimize) done
Event: 0.399 Executing VM operation: HandshakeAllThreads (Deoptimize)
Event: 0.399 Executing VM operation: HandshakeAllThreads (Deoptimize) done
Event: 0.399 Executing VM operation: HandshakeAllThreads (Deoptimize)
Event: 0.399 Executing VM operation: HandshakeAllThreads (Deoptimize) done

Events (20 events):
Event: 0.039 Thread 0x0000019caf78ae80 Thread added: 0x0000019caf78ae80
Event: 0.115 Thread 0x0000019caf810d40 Thread added: 0x0000019caf810d40
Event: 0.116 Thread 0x0000019caf7ecbe0 Thread added: 0x0000019caf7ecbe0
Event: 0.117 Thread 0x0000019caf7f2260 Thread added: 0x0000019caf7f2260
Event: 0.400 Thread 0x0000019cf55b7d50 Thread added: 0x0000019cf55b7d50
Event: 0.400 Thread 0x0000019cf54313f0 Thread added: 0x0000019cf54313f0
Event: 0.400 Thread 0x0000019cf5379ea0 Thread added: 0x0000019cf5379ea0
Event: 0.401 Thread 0x0000019cf537a500 Thread added: 0x0000019cf537a500
Event: 0.401 Thread 0x0000019cf53d0400 Thread added: 0x0000019cf53d0400
Event: 0.401 Thread 0x0000019cf530e200 Thread added: 0x0000019cf530e200
Event: 0.401 Thread 0x0000019cf530f080 Thread added: 0x0000019cf530f080
Event: 0.401 Thread 0x0000019cf530f6e0 Thread added: 0x0000019cf530f6e0
Event: 0.401 Thread 0x0000019cf52a9430 Thread added: 0x0000019cf52a9430
Event: 0.401 Thread 0x0000019cf52a8710 Thread added: 0x0000019cf52a8710
Event: 0.402 Thread 0x0000019cf52a8da0 Thread added: 0x0000019cf52a8da0
Event: 0.402 Thread 0x0000019cf52a9ac0 Thread added: 0x0000019cf52a9ac0
Event: 0.402 Thread 0x0000019cf52aa150 Thread added: 0x0000019cf52aa150
Event: 0.402 Thread 0x0000019cf52ab500 Thread added: 0x0000019cf52ab500
Event: 0.402 Thread 0x0000019cf52aa7e0 Thread added: 0x0000019cf52aa7e0
Event: 0.402 Thread 0x0000019cf52aae70 Thread added: 0x0000019cf52aae70


Dynamic libraries:
0x00007ff75d7b0000 - 0x00007ff75d7c0000 	C:\Program Files\Java\jdk-21\bin\java.exe
0x00007ffe85540000 - 0x00007ffe857a7000 	C:\WINDOWS\SYSTEM32\ntdll.dll
0x00007ffe83f10000 - 0x00007ffe83fd9000 	C:\WINDOWS\System32\KERNEL32.DLL
0x00007ffe82a10000 - 0x00007ffe82e07000 	C:\WINDOWS\System32\KERNELBASE.dll
0x00007ffe83170000 - 0x00007ffe832bb000 	C:\WINDOWS\System32\ucrtbase.dll
0x00007ffe6ea30000 - 0x00007ffe6ea49000 	C:\Program Files\Java\jdk-21\bin\jli.dll
0x00007ffe6e970000 - 0x00007ffe6e98b000 	C:\Program Files\Java\jdk-21\bin\VCRUNTIME140.dll
0x00007ffe85140000 - 0x00007ffe851f6000 	C:\WINDOWS\System32\ADVAPI32.dll
0x00007ffe83310000 - 0x00007ffe833b9000 	C:\WINDOWS\System32\msvcrt.dll
0x00007ffe84f90000 - 0x00007ffe85037000 	C:\WINDOWS\System32\sechost.dll
0x00007ffe83a60000 - 0x00007ffe83b78000 	C:\WINDOWS\System32\RPCRT4.dll
0x00007ffe84dc0000 - 0x00007ffe84f86000 	C:\WINDOWS\System32\USER32.dll
0x00007ffe829e0000 - 0x00007ffe82a07000 	C:\WINDOWS\System32\win32u.dll
0x00007ffe678d0000 - 0x00007ffe67b62000 	C:\WINDOWS\WinSxS\amd64_microsoft.windows.common-controls_6595b64144ccf1df_6.0.26100.8457_none_3e0b2faee331e92d\COMCTL32.dll
0x00007ffe832c0000 - 0x00007ffe832eb000 	C:\WINDOWS\System32\GDI32.dll
0x00007ffe82ec0000 - 0x00007ffe82fec000 	C:\WINDOWS\System32\gdi32full.dll
0x00007ffe82000000 - 0x00007ffe820a3000 	C:\WINDOWS\System32\msvcp_win.dll
0x00007ffe7a510000 - 0x00007ffe7a51b000 	C:\WINDOWS\SYSTEM32\VERSION.dll
0x00007ffe840e0000 - 0x00007ffe84112000 	C:\WINDOWS\System32\IMM32.DLL
0x00007ffe7ae40000 - 0x00007ffe7ae4c000 	C:\Program Files\Java\jdk-21\bin\vcruntime140_1.dll
0x00007ffe41f20000 - 0x00007ffe41fae000 	C:\Program Files\Java\jdk-21\bin\msvcp140.dll
0x00007ffddaae0000 - 0x00007ffddb7f8000 	C:\Program Files\Java\jdk-21\bin\server\jvm.dll
0x00007ffe85390000 - 0x00007ffe85410000 	C:\WINDOWS\System32\WS2_32.dll
0x00007ffe81dd0000 - 0x00007ffe81e2e000 	C:\WINDOWS\SYSTEM32\POWRPROF.dll
0x00007ffe6a9d0000 - 0x00007ffe6aa06000 	C:\WINDOWS\SYSTEM32\WINMM.dll
0x00007ffe81db0000 - 0x00007ffe81dc4000 	C:\WINDOWS\SYSTEM32\UMPDC.dll
0x00007ffe80cc0000 - 0x00007ffe80cdb000 	C:\WINDOWS\SYSTEM32\kernel.appcore.dll
0x00007ffe70120000 - 0x00007ffe7012a000 	C:\Program Files\Java\jdk-21\bin\jimage.dll
0x00007ffe7fec0000 - 0x00007ffe80102000 	C:\WINDOWS\SYSTEM32\DBGHELP.DLL
0x00007ffe83b80000 - 0x00007ffe83f03000 	C:\WINDOWS\System32\combase.dll
0x00007ffe842f0000 - 0x00007ffe843c9000 	C:\WINDOWS\System32\OLEAUT32.dll
0x00007ffe54d80000 - 0x00007ffe54dbb000 	C:\WINDOWS\SYSTEM32\dbgcore.DLL
0x00007ffe82e10000 - 0x00007ffe82eb8000 	C:\WINDOWS\System32\bcryptPrimitives.dll
0x00007ffe6dc50000 - 0x00007ffe6dc6f000 	C:\Program Files\Java\jdk-21\bin\java.dll
0x00007ffe843d0000 - 0x00007ffe84b3e000 	C:\WINDOWS\System32\SHELL32.dll
0x00007ffe82170000 - 0x00007ffe829dc000 	C:\WINDOWS\System32\windows.storage.dll
0x00007ffe84170000 - 0x00007ffe84266000 	C:\WINDOWS\System32\SHCORE.dll
0x00007ffe84070000 - 0x00007ffe840d6000 	C:\WINDOWS\System32\shlwapi.dll
0x00007ffe81e90000 - 0x00007ffe81eb9000 	C:\WINDOWS\SYSTEM32\profapi.dll
0x00007ffe170c0000 - 0x00007ffe17197000 	C:\Program Files\Java\jdk-21\bin\jsvml.dll
0x00007ffe70060000 - 0x00007ffe70070000 	C:\Program Files\Java\jdk-21\bin\net.dll
0x00007ffe7b660000 - 0x00007ffe7b789000 	C:\WINDOWS\SYSTEM32\WINHTTP.dll
0x00007ffe81210000 - 0x00007ffe8127c000 	C:\WINDOWS\system32\mswsock.dll
0x00007ffe6db90000 - 0x00007ffe6dba6000 	C:\Program Files\Java\jdk-21\bin\nio.dll
0x00007ffe6d5b0000 - 0x00007ffe6d5c8000 	C:\Program Files\Java\jdk-21\bin\zip.dll
0x00007ffe81610000 - 0x00007ffe8162b000 	C:\WINDOWS\SYSTEM32\CRYPTSP.dll
0x00007ffe80c20000 - 0x00007ffe80c59000 	C:\WINDOWS\system32\rsaenh.dll
0x00007ffe812c0000 - 0x00007ffe812f3000 	C:\WINDOWS\SYSTEM32\USERENV.dll
0x00007ffe81e60000 - 0x00007ffe81e8a000 	C:\WINDOWS\SYSTEM32\bcrypt.dll
0x00007ffe815f0000 - 0x00007ffe815fc000 	C:\WINDOWS\SYSTEM32\CRYPTBASE.dll
0x00007ffe80490000 - 0x00007ffe804c2000 	C:\WINDOWS\SYSTEM32\IPHLPAPI.DLL
0x00007ffe83300000 - 0x00007ffe8330a000 	C:\WINDOWS\System32\NSI.dll
0x00007ffe1a580000 - 0x00007ffe1a608000 	C:\Users\gutierre\AppData\Local\Temp\fca4j_dbasis_5251631515735780973fca4j_dbasis.dll

dbghelp: loaded successfully - version: 4.0.5 - missing functions: none
symbol engine: initialized successfully - sym options: 0x614 - pdb path: .;C:\Program Files\Java\jdk-21\bin;C:\WINDOWS\SYSTEM32;C:\WINDOWS\WinSxS\amd64_microsoft.windows.common-controls_6595b64144ccf1df_6.0.26100.8457_none_3e0b2faee331e92d;C:\Program Files\Java\jdk-21\bin\server;C:\Users\gutierre\AppData\Local\Temp

VM Arguments:
java_command: C:\Users\gutierre\AppData\Local\Temp\fca4j-embedded5521904004932795144\fca4j.jar DBASIS C:\projects\rules\inter3magic04\inter3magic04.slf C:\projects\rules\inter3magic04\inter3magic04-rules.txt -i SLF -m ROARING_BITMAP
java_class_path (initial): C:\Users\gutierre\AppData\Local\Temp\fca4j-embedded5521904004932795144\fca4j.jar
Launcher Type: SUN_STANDARD

[Global flags]
     intx CICompilerCount                          = 12                                        {product} {ergonomic}
     uint ConcGCThreads                            = 3                                         {product} {ergonomic}
     uint G1ConcRefinementThreads                  = 13                                        {product} {ergonomic}
   size_t G1HeapRegionSize                         = 8388608                                   {product} {ergonomic}
    uintx GCDrainStackTargetSize                   = 64                                        {product} {ergonomic}
   size_t InitialHeapSize                          = 1073741824                                {product} {ergonomic}
   size_t MarkStackSize                            = 4194304                                   {product} {ergonomic}
   size_t MaxHeapSize                              = 17112760320                               {product} {ergonomic}
   size_t MaxNewSize                               = 10267656192                               {product} {ergonomic}
   size_t MinHeapDeltaBytes                        = 8388608                                   {product} {ergonomic}
   size_t MinHeapSize                              = 8388608                                   {product} {ergonomic}
    uintx NonNMethodCodeHeapSize                   = 7602480                                {pd product} {ergonomic}
    uintx NonProfiledCodeHeapSize                  = 122027880                              {pd product} {ergonomic}
    uintx ProfiledCodeHeapSize                     = 122027880                              {pd product} {ergonomic}
    uintx ReservedCodeCacheSize                    = 251658240                              {pd product} {ergonomic}
     bool SegmentedCodeCache                       = true                                      {product} {ergonomic}
   size_t SoftMaxHeapSize                          = 17112760320                            {manageable} {ergonomic}
     bool UseCompressedOops                        = true                           {product lp64_product} {ergonomic}
     bool UseG1GC                                  = true                                      {product} {ergonomic}
     bool UseLargePagesIndividualAllocation        = false                                  {pd product} {ergonomic}

Logging:
Log output configuration:
 #0: stdout all=warning uptime,level,tags foldmultilines=false
 #1: stderr all=off uptime,level,tags foldmultilines=false

Environment Variables:
JAVA_HOME=C:\Program Files\Java\jdk-21
PATH=C:/Users/gutierre/.p2/pool/plugins/org.eclipse.justj.openjdk.hotspot.jre.full.win32.x86_64_21.0.10.v20260205-0638/jre/bin/server;C:/Users/gutierre/.p2/pool/plugins/org.eclipse.justj.openjdk.hotspot.jre.full.win32.x86_64_21.0.10.v20260205-0638/jre/bin;C:\Program Files (x86)\VMware\VMware Workstation\bin\;C:\Program Files\Common Files\Oracle\Java\javapath;C:\Program Files (x86)\Common Files\Oracle\Java\java8path;C:\Program Files (x86)\Common Files\Oracle\Java\javapath;C:\Windows\System32;C:\Windows;C:\Windows\System32\wbem;C:\Windows\System32\WindowsPowerShell\v1.0\;C:\Windows\System32\OpenSSH\;C:\ProgramData\chocolatey\bin;C:\Program Files\Git\cmd;C:\Program Files\dotnet\;C:\Program Files\gs\gs9.56.1\bin;C:\Program Files (x86)\GnuPG\bin;C:\Program Files\Maven\apache-maven-3.8.6\bin;C:\Program Files\Calibre2\;C:\Program Files\Docker\Docker\resources\bin;C:\WINDOWS\system32;C:\WINDOWS;C:\WINDOWS\System32\Wbem;C:\WINDOWS\System32\WindowsPowerShell\v1.0\;C:\WINDOWS\System32\OpenSSH\;C:\Users\gutierre\AppData\Local\Programs\Python\Launcher\;C:\Users\gutierre\AppData\Local\Microsoft\WindowsApps;C:\Program Files (x86)\WiX Toolset v3.14\bin;C:\Program Files\Java\jdk-21\bin;c:\dev_tools\mingw64\bin;;C:\WINDOWS\system32;
USERNAME=gutierre
OS=Windows_NT
PROCESSOR_IDENTIFIER=Intel64 Family 6 Model 158 Stepping 13, GenuineIntel
TMP=C:\Users\gutierre\AppData\Local\Temp
TEMP=C:\Users\gutierre\AppData\Local\Temp




Periodic native trim disabled

---------------  S Y S T E M  ---------------

OS:
 Windows 11 , 64 bit Build 26100 (10.0.26100.8328)
OS uptime: 15 days 19:49 hours
Hyper-V role detected

CPU: total 16 (initial active 16) (8 cores per cpu, 2 threads per core) family 6 model 158 stepping 13 microcode 0xf4, cx8, cmov, fxsr, ht, mmx, 3dnowpref, sse, sse2, sse3, ssse3, sse4.1, sse4.2, popcnt, lzcnt, tsc, tscinvbit, avx, avx2, aes, erms, clmul, bmi1, bmi2, adx, fma, vzeroupper, clflush, clflushopt, hv, rdtscp, f16c
Processor Information for all 16 processors :
  Max Mhz: 2304, Current Mhz: 2304, Mhz Limit: 2304

Memory: 4k page, system-wide physical 65263M (37796M free)
TotalPageFile size 75582M (AvailPageFile size 39685M)
current process WorkingSet (physical memory assigned to process): 65M, peak: 65M
current process commit charge ("private bytes"): 1148M, peak: 1148M

vm_info: Java HotSpot(TM) 64-Bit Server VM (21.0.5+9-LTS-239) for windows-amd64 JRE (21.0.5+9-LTS-239), built on 2024-09-30T05:17:38Z by "mach5one" with MS VC++ 17.6 (VS2022)

END.
